This is First Line
2013-10-04 오후 2:55:15; ERROR_SQL= INSERT INTO TB_LIFECALLHISTORY (JUBSEQ	,	JUBDATE	,	JUBTIME	,	IOFLAG	,	EMERYN	,	CUSTNO	,	CUSTNAME	,	TELNO	,	TELNO2	,	CID	,	SEXGB	,	CHANNELGB	,	REQUESTERGB	,	CONSULTGB	,	CONSULTETCGB	,	SOSOKGB_A	,	SOSOKGB_B	,	SOSOKGB_C	,	SOSOKGB_D	,	SOSOKGB_E	,	LEVEL_B	,	LEVEL_C	,	LEVEL_D	,	FAMILYGB	,	CALLCLASS_B	,	CALLCLASS_C	,	CHANNELGB_B	,	CHANNELGB_C	,	CALLFLAG	,	CALLKIND_B	,	CALLKIND_C	,	QUESTION	,	REPLY	,	REMARK	,	RESULTGB	,	RESERVEDATE	,	RESERVETIME	,	PROCESSGB	,	WEATHER	,	CALLID	,	RECORDFILE	,	CALLTIMEDP	,	CALLTIME	,	CB_SEQ	,	REFERJUBSEQ	,	REFCNT	,	FILENAME	,	INCODE	,	INDATE	,	MOCODE 	,	MODATE )		VALUES ( '2013100134'		,	'2013-10-04'		,	'2013-10-04 13:14:55'		,	'1'		,	'N'		,	'2013100100'		,	'미상(닉네임:뜨&#54643;&#54643;)'		,	''		,	''		,	''		,	'1'		,	'CYBER'		,	'A'		,	''		,	''		,	'B'		,	'B08'		,	''		,	''		,	''		,	'P01'		,	'P01E'		,	''		,	'E'		,	'O19'		,	'O19C'		,	'Q03'		,	'Q03A'		,	'G'		,	'R01'		,	''		,	'제목 : [심리·정서]  예민한 것인지..이상한 것인지/IP 22.51.48.135/비밀/2013.10.04 13:14:55 

도저히 제머리로 생각을해봐도 제가 좀 이상한거같아서요.. 
지금 현재22살이라면 모든 다른 사람들은 좀더 어른스럽게 행동하고 생각하는데 
저는 왜 제 자신이 그렇지 못하다고 느끼는건지 몰르겠습니다.. 

남자답지못하게 뭔가 만들고 꾸미고 바꾸고 하는걸 좋아하고 아기자기한걸 보면 뭔가 기분이 좋습니다. 

또 휴가를 나가면 다른 병사들은 친구들과 놀기바쁘고 부모님은 안중에도 없지만. 
저는 친구도 만나면서 부모님과의 있는시간을 꼭 만들려합니다 
뭔가..지금이 아니면 부모님과도 이렇게 웃고떠들고 같이 추억을 만들고 하지 못할 거 같아서 그렇습니다.. 
친구들과도 추억을 만들지 못하면 안되기에 친구들과도 꼬박 꼬박 만나지만.. 
다른 애들과는 좀 다르게 더 부모님과의 추억 쌓기에 집착 하는거 같습니다 

덜큰애처럼...다른애들이 보면 마치 마마보이, 파파보이처럼 보일 정도로 집에 전화도 자주합니다. 
TV를보면 가정 사건 사고도 많은데 오늘 당장 집에 전화하지않으면 그 후로 전화를 못할 수도 있겠다는 쓸데없는 생각이 들어서인지 집착 아닌 집착 비슷하게 하네요... 

제가 과민반응하는건지... 살짝 혼란스럽네요 '		,	'->2013.10.04 14:51:09   
병사님, 반갑습니다.
‘국군생명의 전화’ 상담관입니다.

올려 주신 글을 읽으며 우리 병사님의 성향을 생각 해 보았습니다.
사람들의 성격에는 각자의 특성과 패턴이 있는 것이기에
이상하다, 잘 한다, 잘 못한다 등으로 표현하는 것은 맞지 않답니다. 

우리병사님은 마음이 여리고 따뜻한 분으로 
세심하여 주변인을 잘 챙기시는 분 인 것 같습니다.

그러니까 형식적으로 사람들을 대하는 것이 아니라
정서적으로 친밀감을 느끼며 사람과의 관계를 중요시 하는 것 같이 보이네요.
부모님께도 친구에게도 관심 가지고 두루두루 잘 하기가 쉽지 않은데 말입니다.

친구보다는 부모님께 더 관심을 가지고 추억 쌓는 자신의 모습이
다른 사람보다 더 과한 것 같다고 여기시는 데에는 
각자의 환경에 따라 다르므로 과민반응이다, 집착이다고
해석 하는 것은 다소 무리가 있는 것 같습니다.

부모님이 연세가 많으시거나 몸이 불편하시면 
당근 친구보다 더 관심을 갖는 것이 바람직하고 효심이 지극하신 것이지요.
이런 사유가 아니라고 하면
아직은 친구들보다는 부모님과의 정서적 교류가 
우리 병사님에게 심리적으로 안정감을 주고 있다고 볼 수 있겠네요.

진짜 마마보이, 파파보이는 자신이 그런지도 알아차리지 못하지요.
병사님은 자신의 보려하고 더 나은 모습으로 나가려는 
진취적이고 발전적인 분이심에 자신을 믿고
내가 너무 부모님에게 밀착되어 있는 것 같으면
부모님으로부터 정서적으로 조금씩 독립하기 위해 준비하시면 될 것 같아요.

- ‘국군생명의 전화’ 상담관 드림 - 
[국방 헬프콜 SOS 1303 - ‘국군생명의 전화’] 
일반전화 : 국번없이 1303/군 전 화 : 990-1303 

기존전화 1년간 혼용 사용 
일반전화 : 080-007-0179/02-794-0179(영원친구/수신자 부담) 
군 전 화 : 900-0179 '		,	''		,	''		,	''		,	''		,	'A'		,	'A'		,	''		,	''		,	'00:00:00'		,	'0'		,	''		,	'2013100134'		,	'1'		,	''		,	'life15'		,	GETDATE()		,	'life15'		,	GETDATE())
2013-10-04 오후 2:55:32; ERROR_SQL= INSERT INTO TB_LIFECALLHISTORY (JUBSEQ	,	JUBDATE	,	JUBTIME	,	IOFLAG	,	EMERYN	,	CUSTNO	,	CUSTNAME	,	TELNO	,	TELNO2	,	CID	,	SEXGB	,	CHANNELGB	,	REQUESTERGB	,	CONSULTGB	,	CONSULTETCGB	,	SOSOKGB_A	,	SOSOKGB_B	,	SOSOKGB_C	,	SOSOKGB_D	,	SOSOKGB_E	,	LEVEL_B	,	LEVEL_C	,	LEVEL_D	,	FAMILYGB	,	CALLCLASS_B	,	CALLCLASS_C	,	CHANNELGB_B	,	CHANNELGB_C	,	CALLFLAG	,	CALLKIND_B	,	CALLKIND_C	,	QUESTION	,	REPLY	,	REMARK	,	RESULTGB	,	RESERVEDATE	,	RESERVETIME	,	PROCESSGB	,	WEATHER	,	CALLID	,	RECORDFILE	,	CALLTIMEDP	,	CALLTIME	,	CB_SEQ	,	REFERJUBSEQ	,	REFCNT	,	FILENAME	,	INCODE	,	INDATE	,	MOCODE 	,	MODATE )		VALUES ( '2013100134'		,	'2013-10-04'		,	'2013-10-04 13:14:55'		,	'1'		,	'N'		,	'2013100100'		,	'미상(닉네임:뜨&#54643;&#54643;)'		,	''		,	''		,	''		,	'1'		,	'CYBER'		,	'A'		,	''		,	''		,	'B'		,	'B08'		,	''		,	''		,	''		,	'P01'		,	'P01E'		,	''		,	'E'		,	'O19'		,	'O19C'		,	'Q03'		,	'Q03A'		,	'G'		,	'R01'		,	''		,	'제목 : [심리·정서]  예민한 것인지..이상한 것인지/IP 22.51.48.135/비밀/2013.10.04 13:14:55 

도저히 제머리로 생각을해봐도 제가 좀 이상한거같아서요.. 
지금 현재22살이라면 모든 다른 사람들은 좀더 어른스럽게 행동하고 생각하는데 
저는 왜 제 자신이 그렇지 못하다고 느끼는건지 몰르겠습니다.. 

남자답지못하게 뭔가 만들고 꾸미고 바꾸고 하는걸 좋아하고 아기자기한걸 보면 뭔가 기분이 좋습니다. 

또 휴가를 나가면 다른 병사들은 친구들과 놀기바쁘고 부모님은 안중에도 없지만. 
저는 친구도 만나면서 부모님과의 있는시간을 꼭 만들려합니다 
뭔가..지금이 아니면 부모님과도 이렇게 웃고떠들고 같이 추억을 만들고 하지 못할 거 같아서 그렇습니다.. 
친구들과도 추억을 만들지 못하면 안되기에 친구들과도 꼬박 꼬박 만나지만.. 
다른 애들과는 좀 다르게 더 부모님과의 추억 쌓기에 집착 하는거 같습니다 

덜큰애처럼...다른애들이 보면 마치 마마보이, 파파보이처럼 보일 정도로 집에 전화도 자주합니다. 
TV를보면 가정 사건 사고도 많은데 오늘 당장 집에 전화하지않으면 그 후로 전화를 못할 수도 있겠다는 쓸데없는 생각이 들어서인지 집착 아닌 집착 비슷하게 하네요... 

제가 과민반응하는건지... 살짝 혼란스럽네요 '		,	''		,	''		,	''		,	''		,	''		,	'A'		,	'A'		,	''		,	''		,	'00:00:00'		,	'0'		,	''		,	'2013100134'		,	'1'		,	''		,	'life15'		,	GETDATE()		,	'life15'		,	GETDATE())
2013-10-04 오후 2:56:45; ERROR_SQL= UPDATE TB_LIFECALLHISTORY SET 		JUBDATE = '2013-10-04'	,	JUBTIME  = '2013-10-04 13:14:55'	,	IOFLAG = '1'	,	EMERYN = 'N'	,	CUSTNO = '2013100100'	,	CUSTNAME  = '미상(닉네임:뜨&#54643;&#54643;)'	,	TELNO = ''	,	TELNO2 = ''	,	SEXGB = '1'	,	CHANNELGB = 'CYBER'	,	REQUESTERGB = 'A'	,	CONSULTGB = ''	,	CONSULTETCGB = ''	,	SOSOKGB_A = 'B'	,	SOSOKGB_B = 'B08'	,	SOSOKGB_C = ''	,	SOSOKGB_D = ''	,	SOSOKGB_E = ''	,	LEVEL_B = 'P01'	,	LEVEL_C = 'P01E'	,	LEVEL_D = ''	,	FAMILYGB = 'E'	,	CALLCLASS_B = 'O19'	,	CALLCLASS_C = 'O19C'	,	CHANNELGB_B = 'Q03'	,	CHANNELGB_C = 'Q03A'	,	CALLFLAG = 'G'	,	CALLKIND_B = 'R01'	,	CALLKIND_C = ''	,	QUESTION = '제목 : [심리·정서]  예민한 것인지..이상한 것인지/IP 22.51.48.135/비밀/2013.10.04 13:14:55 

도저히 제머리로 생각을해봐도 제가 좀 이상한거같아서요.. 
지금 현재22살이라면 모든 다른 사람들은 좀더 어른스럽게 행동하고 생각하는데 
저는 왜 제 자신이 그렇지 못하다고 느끼는건지 몰르겠습니다.. 

남자답지못하게 뭔가 만들고 꾸미고 바꾸고 하는걸 좋아하고 아기자기한걸 보면 뭔가 기분이 좋습니다. 

또 휴가를 나가면 다른 병사들은 친구들과 놀기바쁘고 부모님은 안중에도 없지만. 
저는 친구도 만나면서 부모님과의 있는시간을 꼭 만들려합니다 
뭔가..지금이 아니면 부모님과도 이렇게 웃고떠들고 같이 추억을 만들고 하지 못할 거 같아서 그렇습니다.. 
친구들과도 추억을 만들지 못하면 안되기에 친구들과도 꼬박 꼬박 만나지만.. 
다른 애들과는 좀 다르게 더 부모님과의 추억 쌓기에 집착 하는거 같습니다 

덜큰애처럼...다른애들이 보면 마치 마마보이, 파파보이처럼 보일 정도로 집에 전화도 자주합니다. 
TV를보면 가정 사건 사고도 많은데 오늘 당장 집에 전화하지않으면 그 후로 전화를 못할 수도 있겠다는 쓸데없는 생각이 들어서인지 집착 아닌 집착 비슷하게 하네요... 

제가 과민반응하는건지... 살짝 혼란스럽네요 '	,	REPLY = '->2013.10.04 14:51:09   
병사님, 반갑습니다.
‘국군생명의 전화’ 상담관입니다.

올려 주신 글을 읽으며 우리 병사님의 성향을 생각 해 보았습니다.
사람들의 성격에는 각자의 특성과 패턴이 있는 것이기에
이상하다, 잘 한다, 잘 못한다 등으로 표현하는 것은 맞지 않답니다. 

우리병사님은 마음이 여리고 따뜻한 분으로 
세심하여 주변인을 잘 챙기시는 분 인 것 같습니다.

그러니까 형식적으로 사람들을 대하는 것이 아니라
정서적으로 친밀감을 느끼며 사람과의 관계를 중요시 하는 것 같이 보이네요.
부모님께도 친구에게도 관심 가지고 두루두루 잘 하기가 쉽지 않은데 말입니다.

친구보다는 부모님께 더 관심을 가지고 추억 쌓는 자신의 모습이
다른 사람보다 더 과한 것 같다고 여기시는 데에는 
각자의 환경에 따라 다르므로 과민반응이다, 집착이다고
해석 하는 것은 다소 무리가 있는 것 같습니다.

부모님이 연세가 많으시거나 몸이 불편하시면 
당근 친구보다 더 관심을 갖는 것이 바람직하고 효심이 지극하신 것이지요.
이런 사유가 아니라고 하면
아직은 친구들보다는 부모님과의 정서적 교류가 
우리 병사님에게 심리적으로 안정감을 주고 있다고 볼 수 있겠네요.

진짜 마마보이, 파파보이는 자신이 그런지도 알아차리지 못하지요.
병사님은 자신의 보려하고 더 나은 모습으로 나가려는 
진취적이고 발전적인 분이심에 자신을 믿고
내가 너무 부모님에게 밀착되어 있는 것 같으면
부모님으로부터 정서적으로 조금씩 독립하기 위해 준비하시면 될 것 같아요.

- ‘국군생명의 전화’ 상담관 드림 - 
[국방 헬프콜 SOS 1303 - ‘국군생명의 전화’] 
일반전화 : 국번없이 1303/군 전 화 : 990-1303 

기존전화 1년간 혼용 사용 
일반전화 : 080-007-0179/02-794-0179(영원친구/수신자 부담) 
군 전 화 : 900-0179 '	,	REMARK = ''	,	RESULTGB = ''	,	PROCESSGB = 'A'	,	WEATHER = 'A'	,	CALLID = ''	,	RECORDFILE =''	,	CALLTIMEDP ='00:00:00'	,	CALLTIME = '0'	,	CB_SEQ = '0'	,	REFERJUBSEQ = '2013100134'	,	REFCNT = '1'	,	FILENAME = ''	,	MOCODE = 'life15'	,	MODATE = GETDATE()		where JUBSEQ = '2013100134'