This is First Line
2013-10-16 오후 5:42:10; ERROR_SQL= UPDATE TB_LIFECALLHISTORY SET 		JUBDATE = '2013-10-16'	,	JUBTIME  = '2013-10-16 16:50:38'	,	IOFLAG = '1'	,	EMERYN = 'N'	,	CUSTNO = '2013100449'	,	CUSTNAME  = '미상(닉네임:박&#54671;&#46047;)'	,	TELNO = ''	,	TELNO2 = ''	,	SEXGB = '1'	,	CHANNELGB = 'CYBER'	,	REQUESTERGB = 'A'	,	CONSULTGB = ''	,	CONSULTETCGB = ''	,	SOSOKGB_A = 'B'	,	SOSOKGB_B = 'B08'	,	SOSOKGB_C = ''	,	SOSOKGB_D = ''	,	SOSOKGB_E = ''	,	LEVEL_B = 'P01'	,	LEVEL_C = 'P01F'	,	LEVEL_D = ''	,	FAMILYGB = 'E'	,	CALLCLASS_B = 'O19'	,	CALLCLASS_C = '019J'	,	CHANNELGB_B = 'Q03'	,	CHANNELGB_C = 'Q03A'	,	CALLFLAG = 'G'	,	CALLKIND_B = 'R01'	,	CALLKIND_C = ''	,	QUESTION = '제목 : [기타]  집이 너무 멉니다.../IP 22.48.30.74/공개/2013.10.16 16:50:38 

집이 제주도라서 너무너무 힘듭니다... 
집한번갔다오면 가족얼굴이 떠올라서 
울며 잠이듭니다 ㅜㅜ... 
정말 이런 오지에도 부대가 왜잇는지 
짜증납니다. '	,	REPLY = '->2013.10.16 17:36:17   
병사님, 안녕하세요?
‘국군생명의 전화’ 상담관입니다.

군 복무를 위해 함께 살던 가족과 떨어져 그것도 집과 먼 곳에서 
생활하려니 심리적 거리감이 더 느껴지면서
가족들이 몹시 그립고 보고 싶겠습니다.

아직 우리 병사님이 입대하신지가 얼마 안 되었나 봅니다.
처음에 적응하는 데에는 시간이 많이 걸린답니다.
시간이 지날수록 조금씩 적응이 되어 가리라 믿습니다.

혹여 군 생활이 불편하고 고통스런 일은 없는지 염려가 되네요.
날씨도 조석으로 기온차가 심한데 건강은 괜찮은지요?

군 부대가 거의 외진 곳에 많이 있는 이유가 적에게 노출되지 않으려는 목적도 있지만,
민간인들에게 위화감을 줄 수 있어 외진 곳에 있기도 하고
특히 오지는 인적이 드물어서 적이 쉽게 침입 할 수 있기에 
국방의 안전을 위해 필수적으로 필요한 위치이지요.

오지에 있었던 경험이 없었기에 더 힘들게 느낄 수 있을 거에요.
마음이 울적할 때 배고프면 더 서러우니까 식사 잘 챙겨 드시면서
다음 휴가를 바라보며 희망을 가져 보시면 좋겠습니다.

병영생활 고충이나 소통하고 싶을 때 언제든지
저희 상담실에 전화상담이나 비밀상담실을 통해 함께 나누고
대안을 찾아가실 수 있도록 함께 하겠습니다.

- ‘국군생명의 전화’ 상담관 드림 - 
[국방 헬프콜 SOS 1303 - ‘국군생명의 전화’] 
일반전화 : 국번없이 1303/군 전 화 : 990-1303 

기존전화 1년간 혼용 사용 
일반전화 : 080-007-0179/02-794-0179(영원친구/수신자 부담) 
군 전 화 : 900-0179 '	,	REMARK = ''	,	RESULTGB = ''	,	PROCESSGB = 'A'	,	WEATHER = 'A'	,	CALLID = ''	,	RECORDFILE =''	,	CALLTIMEDP ='00:00:00'	,	CALLTIME = '0'	,	CB_SEQ = '0'	,	REFERJUBSEQ = '2013100637'	,	REFCNT = '1'	,	FILENAME = ''	,	MOCODE = 'life15'	,	MODATE = GETDATE()		where JUBSEQ = '2013100637'