This is First Line
2013-10-09 오전 12:27:17; ERROR_SQL= INSERT INTO TB_LIFECALLHISTORY (JUBSEQ	,	JUBDATE	,	JUBTIME	,	IOFLAG	,	EMERYN	,	CUSTNO	,	CUSTNAME	,	TELNO	,	TELNO2	,	CID	,	SEXGB	,	CHANNELGB	,	REQUESTERGB	,	CONSULTGB	,	CONSULTETCGB	,	SOSOKGB_A	,	SOSOKGB_B	,	SOSOKGB_C	,	SOSOKGB_D	,	SOSOKGB_E	,	LEVEL_B	,	LEVEL_C	,	LEVEL_D	,	FAMILYGB	,	CALLCLASS_B	,	CALLCLASS_C	,	CHANNELGB_B	,	CHANNELGB_C	,	CALLFLAG	,	CALLKIND_B	,	CALLKIND_C	,	QUESTION	,	REPLY	,	REMARK	,	RESULTGB	,	RESERVEDATE	,	RESERVETIME	,	PROCESSGB	,	WEATHER	,	CALLID	,	RECORDFILE	,	CALLTIMEDP	,	CALLTIME	,	CB_SEQ	,	REFERJUBSEQ	,	REFCNT	,	FILENAME	,	INCODE	,	INDATE	,	MOCODE 	,	MODATE )		VALUES ( '2013100328'		,	'2013-10-08'		,	'2013-10-08 19:54:41'		,	'1'		,	'N'		,	'2013100238'		,	'미상(닉네임:사랑스럽다고 해줘요)'		,	''		,	''		,	''		,	'1'		,	'CYBER'		,	'A'		,	''		,	''		,	'A'		,	'A50'		,	''		,	''		,	''		,	'P01'		,	'P01A'		,	''		,	'E'		,	'O11'		,	'O13A'		,	'Q03'		,	'Q03A'		,	'C'		,	'R010'		,	''		,	'[제목 : [보직·진로]  돈?자아실현?/IP 8.149.2.245/공개상담실]


상담관님 안녕하십니까. 

저는 아직 이등병입니다.제 고민은 아직 이등병이지만 언젠가 있을 전역을 대비해서 진로를 설정중인 병사입니다. 

하지만 진로를 설정하는데 있어서 너무나 큰문제는 역시 무엇을 선택하느냐겠지요. 

지금은 돈을 벌수있는 직업을 선택하느냐 아님,제가 좋아하고 잘하고 잘맞는 직업을 선택하느냐가 고민입니다. 

지금 저는 의무병으로 보직이 결정된 병사이고,군대에 오기전에는 생물학과를 전공하였습니다. 

제가 좋아하고 잘하고 잘맞는 직업으로는 연구원이 있습니다. 

연구원이 되는길로는 제가 군대에서 전역후 대학교에 복학을하고 졸업과정을 다 이수하고 바로 직업을 갖느냐,아니면 

졸업을 하지 않고,대학원에서 박사학위를 취득하고 진짜 전문연구원이 되는 과정이 있습니다. 

방금 말씀드린것 중에서 전자는 빨리 직업을 가지는것 만큼 전문연구원들 밑에서 거의 잡일만 하는 연구원이되는것이고, 

후자는 늦게 직업을 가지는것 만큼 정말 전문연구원이 되어서 주도적인 연구를 해 나갈수 있습니다. 

그리고 정말 하기 싫은게 부모님 재산을 물려받아서 여유롭고 풍족하게 사는 방법이 있습니다. 

부모님의 직업은 일반 중소기업의 사장이시며,직종은 여객기 엔진계열에서는 누구나 다 아실만한 분이십니다. 

방금 끄적인걸 보셧듯이,공과계열의 직종을 가지신 부모님과 자연계열을 가진 저의 진로는 너무 다릅니다. 

제가 지금 말씀드린 진로문제로 부모님과 고등학교에 입학하고 나서부터 너무나도 많이 마찰이 많았습니다. 

물론 군대에 오기전에서 마찬가지이고,지금 저와 부모님의 관계는 상당히 좋지 않아서,부대내의 선임이나,후임들이 

부모님께 전화를 하면 너무나도 부럽고,샘이 납니다. 

그리고 이런 얘기를 다른 부대내의 선임,후임,동기에게 말하면 뭘 그런걸로 고민이냐며 당연히 돈이 최고라고 합니다. 

이런 사람들과 이야기를 하면 속만 터질것 같아 이렇게 몇글자 끄적여 봅니다. 

상담관님 도와주십시요. 

'		,	'[2013.10.09 00:21:30]

병사님~ 
안녕하세요? 
‘생명의 전화’ 상담관입니다. 

고되고 힘든 병영생활 중에서 
그것도 이등병으로서 병영생활 적응하기가 녹록치 않을 텐데 
그 어려움 가운데서도 전역 후의 진로를 생각하며 
이런 저런 고민을 하는 병사님은 이미 그 누구보다도 한 발 앞선 
멋진 진짜 사나이라고 여겨지는군요. 

생물학을 전공으로 공부하던 병사님이 
입대 후 의무병으로 보직결정이 되었군요. 
훌륭하게 잘 해낼 것으로 여겨지네요. 

병사님의 전역 후 진로에 관련하여 어떤 선택을 해야 할지 
망설이면서 고민을 하고 있지만 
궁극적으로는 병사님이 설정한 진로가 부모님이 원하는 방향과 달라서 
마음이 복잡하고 혼란스러운 것 같네요. 

이미 병사님은 자신이 무엇을 좋아하고, 어떤 것은 잘하며, 
자신에게 맞는 것이 무엇인지도 잘 알고 있으며 
어느 방향으로 진행해야 할 것인지에 대하여 너무나도 잘 파악하였고, 
확고한 의지가 담겨있고, 그를 위한 나름대로의 준비도 
철저하게 하고 있는 것으로 여겨지네요. 

이런 병사님에게 부모님이 원하는 것은 전혀 다른 방향이니 
병사님으로서는 이러지도 저러지도 못하고 혼란스럽겠지요. 

지금까지 성장과정에서도 부모님과 많은 마찰이 있었다는 것은 
서로의 생각이 다르기 때문일 것이고, 그 다름에서 오는 불협화음이 
아직도 해결되지 않아 관계가 좋지 않은 상황이라면 
병사님의 그 혼란스러움은 더더욱 병사님을 고민하게 하겠지요. 

어떠한 선택을 하느냐에 따라 병영생활 간에도 나름대로의 
계획과 준비를 할 수 있을 테니 그 선택에 대하여 고민이 되겠지요. 

병사님~ 
가장 중요한 것은 병사님 자신인 것은 분명합니다. 
그러기에 최종선택은 본인 자신의 몫이며 
그 선택에 대한 책임 또한 본인이 져야하는 것도 분명합니다. 
병사님께서는 어떤 선택을 해야 하는지도 
이미 마음가운데 결정을 하셨을 것입니다. 
그럼에도 이렇게 혼란스럽고 고민되는 것은 
부모님의 뜻대로 따르지 못하고 있는, 
어쩌면 따르고 싶지 않은, 
자신이 가고 싶은 그 길을 가고자 하는, 
자신의 모습을 스스로가 수용하지 못하기 때문이 아닌가 싶기도 하고요 
또 한편으로는 
돈과 자아실현이라는 선택적 결정에 망설인다고 보기보다는 
어디에 더 가치를 두어야 하는 문제가 아닐까 싶기도 하네요. 

병사님~ 
너무 조급해 하거나 서두르지 마시고 
조금 여유를 가지고 자신을 좀 더 들여다보는 시간을 가져보면 어떨는지요. 
아울러 
부모님과 자신과의 갈등에 대하여도 좀 더 들여다 볼 수 있으면 좋겠어요. 
어떠한 선택을 해야 하나 고민하기에 앞서 
그 갈등을 먼저 해결해 보려는 노력을 시도 하다보면 
오히려 생각지도 않게 선택에 대한 해답이 쉽게 보일 수도 있지 않을는지요. 

병사님의 속마음을 이렇게 솔직하게 풀어놓고 
함께 하기를 원하여 ‘생명의전화’를 방문하신 병사님께 감사를 드리며 
앞으로도 언제든지 찾아오셔서 함께 나누고 소통할 수 있기를 바라며 
병사님을 
사랑하고 축복합니다. 


[국방 헬프콜 SOS 1303 - ‘생명의 전화’] 

일반전화 : 국번없이 1303, 080-007-0179(영원친구)/수신자 부담 
군 전 화 : 990-1303, 900-0179 


- ‘생명의 전화’ 상담관 -'		,	''		,	''		,	''		,	''		,	'A'		,	'A'		,	''		,	''		,	'00:00:00'		,	'0'		,	''		,	'2013100328'		,	'1'		,	''		,	'life07'		,	GETDATE()		,	'life07'		,	GETDATE())