This is First Line
2013-09-03 오후 8:08:44; ERROR_SQL= INSERT INTO TB_LIFECALLHISTORY (JUBSEQ	,	JUBDATE	,	JUBTIME	,	IOFLAG	,	EMERYN	,	CUSTNO	,	CUSTNAME	,	TELNO	,	TELNO2	,	CID	,	SEXGB	,	CHANNELGB	,	REQUESTERGB	,	CONSULTGB	,	CONSULTETCGB	,	SOSOKGB_A	,	SOSOKGB_B	,	SOSOKGB_C	,	SOSOKGB_D	,	SOSOKGB_E	,	LEVEL_B	,	LEVEL_C	,	LEVEL_D	,	FAMILYGB	,	CALLCLASS_B	,	CALLCLASS_C	,	CHANNELGB_B	,	CHANNELGB_C	,	CALLFLAG	,	CALLKIND_B	,	CALLKIND_C	,	QUESTION	,	REPLY	,	REMARK	,	RESULTGB	,	RESERVEDATE	,	RESERVETIME	,	PROCESSGB	,	WEATHER	,	CALLID	,	RECORDFILE	,	CALLTIMEDP	,	CALLTIME	,	CB_SEQ	,	REFERJUBSEQ	,	REFCNT	,	FILENAME	,	INCODE	,	INDATE	,	MOCODE 	,	MODATE )		VALUES ( '2013090102'		,	'2013-09-03'		,	'2013-09-03 15:18:55'		,	'1'		,	'N'		,	'2013090075'		,	'대한민국모든고민이없어지는그날까지'		,	''		,	''		,	''		,	'1'		,	'CYBER'		,	'A'		,	''		,	''		,	'C'		,	'C07'		,	''		,	''		,	''		,	'P01'		,	'P01F'		,	''		,	'E'		,	'O05'		,	'O05C'		,	'Q03'		,	'Q03A'		,	'G'		,	'R04'		,	''		,	'제목 : [심리·정서]  복지대대장./IP 38.1.37.103/공개/2013.09.03 15:18:55 

저는 복지대 근무하고 있는 수병입니다. 
다름이 아니라 저희 복지 수병들은 복지대장님 때문에 하루하루 미쳐가고 있습니다. 
자기 기분에 따라 휴가를 짜르니 일을 하고 있는데도 와서 쉬고 있니 일을 왜이렇게 작게 하니 
온갖 짜증에 자기 기분에 따라 사람을 미치게 합니다. 
솔직히 자기가 골프장 해군회관을 관리 하면서 군법으로 하면 안되는 예약을 자기 이름으로 잡아놓고 
방을 팔지 않고 자기 선배들한테 방을 주려고 다른사람들이 방을 잡으려고 예약하면 방이 없다고 말을 하라고 하고 
골프 티도 자기가 몰래 잡고 있습니다 이런부분을 신고하려고 하는데 보복이 두렵고 병은 군생활하면서 바로보는게 휴가 밖에 없는데 그 휴가로 협박을하고 합니다. 신고하고 십은데 어떻게 하는게 좋을까요? 
진짜 더이상은 견딜수가 없습니다. 지금당장이라도 신고 하고 싶습니다. '		,	'->
병사님, 안녕하세요?
군 복무하시느라 힘드시지요~
그것도 간부님의 기분에 따라 휴가가 짤라지고 
하는 일마다 사사건건 나무라며 온갖 짜증을 우리 병사님에게
낸다면 하루하루 미쳐간다는 말이 이해 될 것 같습니다.

간부님이 일 처리를 제대로 하면서 그러면 받아들일 수나 있지
군법으로 하면 안 되는 예약을 어기면서까지
공적인 관계가 아닌 사적 관계로 이용하는 것을 보고
당장 신고하여 간부님이 처벌 받았으면 하는 보복심리가 가득한데 
그로 인한 후한이 염려되어 어떻게 해야 될지 망설이고 계신 것 같네요.

간부님이 사사로운 감정에 의해 병사님에게 불이익을 준다면
이는 반드시 시정 되어야 할 부분이라 여겨집니다.

우선은 타 기관에 신고하기보다는
부대 내부의 일이므로 복지대장님보다 상위계급인 간부님께 상의 해 보시면 어떨까합니다.
외부에 알려지면 일이 더 크게 되어
병사님이 염려하는 대로 후한이 있을 수 있사오니
구체적이고 사실적인 상황이나 근거를 확실하게 확보하여
병사님이 계신 부대 최고 간부님께 면담을 요청하여 
어려운 점을 보고하고 시정 요청하시는 것이 현명할 듯 합니다.

병사님이 최고 간부님께 면담 요청하는 것이 어려우시면
병사님 계신 부대 병영생활전문상담관님과 상담하시고 
도움 요청 해 보시는 것도 한 방법이 되겠네요.

이것도 어려우시면 이 답변 글을 일어 보신 후,
곧 바로 저희 ‘국군생명의 전화’에 전화상담 해 주세요.
병사님이 원하는 방향이 무엇인지 함께 나누고 찾아갈 수 있도록
힘이 되어 드리겠습니다.

24시간 상담가능하고 비밀보장 되오니
혼자 고민하면서 힘들어 하지 마시고 언제든지 찾아주시면 함께 하겠습니다.

- ‘국군생명의 전화’ 상담관 드림 - 
[국방 헬프콜 SOS 1303 - ‘국군생명의 전화’] 
일반전화 : 국번없이 1303/군전화 : 990-1303 

기존전화 1년간 혼용 사용 
일반전화 : 080-007-0179/02-794-0179(영원친구/수신자 부담) 
군 전 화 : 900-0179 '		,	''		,	''		,	''		,	''		,	'A'		,	'A'		,	''		,	''		,	'00:00:00'		,	'0'		,	''		,	'2013090102'		,	'1'		,	''		,	'life15'		,	GETDATE()		,	'life15'		,	GETDATE())