This is First Line
2012-02-08 오후 4:13:50; ERROR_SQL= INSERT INTO TB_LIFECALLHISTORY (JUBSEQ	,	JUBDATE	,	JUBTIME	,	IOFLAG	,	EMERYN	,	CUSTNO	,	CUSTNAME	,	TELNO	,	TELNO2	,	CID	,	SEXGB	,	CHANNELGB	,	REQUESTERGB	,	CONSULTGB	,	CONSULTETCGB	,	SOSOKGB_A	,	SOSOKGB_B	,	SOSOKGB_C	,	SOSOKGB_D	,	SOSOKGB_E	,	LEVEL_B	,	LEVEL_C	,	FAMILYGB	,	CALLCLASS_B	,	CALLCLASS_C	,	CHANNELGB_B	,	CHANNELGB_C	,	CALLFLAG	,	CALLKIND_B	,	CALLKIND_C	,	QUESTION	,	REPLY	,	REMARK	,	RESULTGB	,	RESERVEDATE	,	RESERVETIME	,	PROCESSGB	,	WEATHER	,	CALLID	,	RECORDFILE	,	CALLTIMEDP	,	CALLTIME	,	CB_SEQ	,	REFERJUBSEQ	,	REFCNT	,	FILENAME	,	INCODE	,	INDATE	,	MOCODE 	,	MODATE )		VALUES ( '2012020240'		,	'2012-01-13'		,	'2012-01-13 12:06:00'		,	''		,	'N'		,	'2012020242'		,	'김상병'		,	'031-641-9005 (콜'		,	''		,	''		,	'1'		,	''		,	'A'		,	''		,	''		,	'B'		,	'B08'		,	''		,	''		,	''		,	'P01'		,	'P01E'		,	''		,	'O19'		,	'O19A'		,	'Q01'		,	'Q01A'		,	''		,	''		,	''		,	'(No.133) 1월 13일  12:06~12:46 (40분) 군전화 [상담][정신건강(우울/무기력-지지/공감: 황윤희상담관]
육군) 미상 상병 미상(닉네임:김상병)             수신번호 : 031-641-9005 (콜렉트콜)

* No.34 , No.102  (No127,128,129와 유사하게 느껴짐)
* 주 호소내용 : 마음이 너무 외롭고, 우울하다. 과거의 문제에서 벗어나지 못하여 정신적으로 문제가 있는 것 같다. 무조건적으로 나를 위로해주고 이해해주는 사람을 만나고 싶다.
* 상 담 내 용 : 사람들은 자연스럽게 살라고, 마음을 편히 가지라고 하는데 몸과 마음은 조급하다. 머리가 아프고, 마음의 뭔가가 고장이 난 것 같다. 뚜렷한 목표가 있으면 괜찮다고 과거의 것이 잊혀진다고 하는데 그게 말처럼 쉽지가 않고, 나를 제외한 모든사람들이 다 능력이 있는 것 같아서 상대적으로 내자신을 자책하게 된다. 나를 힘들게 한사람들이 모두 다 잘되고 잘사는 것을 보면 화가나고 이러다가 나는 망가져서 장애인시설에서 살게될것 같다. 원래도 마음이 약했지만 계속 상처를 받다보니 더 고립되고 더 우울해지는 것 같다. 과거의 학교폭력 경험과, 부모님으로부터의 상처들로부터 벗어나지 못하고 있다.현재도 쉽게 타인들의 반응에 상처를 받고 힘들어 하고 있다. 내가 하는 말들을 너무 쉽게 무시하고 별것 아닌것처럼 치부해 버린다. 이렇게 해꼬지 하는 사람들이 없었더라면 이렇게 되지는 않았을 것 같다. 그들 모두가 울면서 나한테 미안하다고 했으면 좋겠다. 그러면 마음이 풀릴 것 같다. 분노를 표출하는 방법을 모르고 분노 표출을 한게 된다면 위험한 상황이 생길 것 같다. 평상시에도 싫어하는 선임을 젓가락으로 찌르는 상상을 한 적이 있었다. 
'		,	'→ 김상병의 말투가 익숙하여 일지를 찾아보니 동일인물로 추정되는 번호와 동일 닉네임이 있었음.
   힘들 때 전화를 준 것에 대하여 지지와 격려를 해주고, 현재를 힘들게 만드는 과거 문제에 대한 부분을
   경청하였음. 하소연을 하듯, 쏟아내듯 이야기를 하며 때로는 웃기도하고 질문을 하는 모습을 보임.
   충분히 자신의 어려움을 잘 알고 있으며, 정리와 해결방법까지도 알고 있지만, 외로움이 너무 크고
   사람에 대한 의존력이 높아서 스스로가 실천에 옮기기에 힘이 들어 하는 상태였음. 상담관이 느끼는
   이러한 사항을 전달하여 확인하자 수긍하는 모습을 보이며, 충분히 자신도 알고 있음을 표현하였음.
   과거의 문제를 확인해보지 않는다면 현재와 미래를 살아가는 것이 힘이 들 수 있고, 쉽게 지칠 수 있      음을 이야기하며 근원점으로 기억하는 과거문제를 상담을 통해서 지속적으로 충분히 다룰 것을 권장      하자, 현재 상담을 받고 있으며, 상담관님과도 좋은 친분을 갖고 지속 상담을 하고  있다고 이야기 함.  
   자신에 대한 정보나 문제를 정리했던 모습들은 면접상담을 통해서 알게 된 것임을 알수있었음. 
   지지와 공감을 받음으로써 순간의 힘듬을 해소하는 모습을 보였으며, 전화상담을 통하여 그러한 부분
   에 만족감을 얻는 것으로 보여짐. 전화상담중 수도통합병원에 가야하며, 갔다와서 다시 전화하겠다고 
   하고 전화상담을 종료하였음. 지속적으로 전화가 올것으로 예측되나, 당시의 호소만을 경청해주고
   지지와 공감을 하되, 지속관리를 할 필요성은 없다고 예측되어지는 상태였음.  
   충동성 부분을 탐색하였으나, 약하게라도 충동성을 표출한적은 현재 없었으며 앞으로도 참기만 한다면
   힘들 수 있으므로 충동성이 있을 때, 화가날 때 생명의 전화로 전화할 것을 당부하였음.'		,	''		,	''		,	''		,	''		,	'A'		,	''		,	''		,	''		,	'00:40:00'		,	'2400'		,	''		,	'2012020133'		,	'2'		,	''		,	'life04'		,	GETDATE()		,	'life04'		,	GETDATE())
2012-02-08 오후 4:13:54; ERROR_SQL= INSERT INTO TB_LIFECALLHISTORY (JUBSEQ	,	JUBDATE	,	JUBTIME	,	IOFLAG	,	EMERYN	,	CUSTNO	,	CUSTNAME	,	TELNO	,	TELNO2	,	CID	,	SEXGB	,	CHANNELGB	,	REQUESTERGB	,	CONSULTGB	,	CONSULTETCGB	,	SOSOKGB_A	,	SOSOKGB_B	,	SOSOKGB_C	,	SOSOKGB_D	,	SOSOKGB_E	,	LEVEL_B	,	LEVEL_C	,	FAMILYGB	,	CALLCLASS_B	,	CALLCLASS_C	,	CHANNELGB_B	,	CHANNELGB_C	,	CALLFLAG	,	CALLKIND_B	,	CALLKIND_C	,	QUESTION	,	REPLY	,	REMARK	,	RESULTGB	,	RESERVEDATE	,	RESERVETIME	,	PROCESSGB	,	WEATHER	,	CALLID	,	RECORDFILE	,	CALLTIMEDP	,	CALLTIME	,	CB_SEQ	,	REFERJUBSEQ	,	REFCNT	,	FILENAME	,	INCODE	,	INDATE	,	MOCODE 	,	MODATE )		VALUES ( '2012020240'		,	'2012-01-13'		,	'2012-01-13 12:06:00'		,	''		,	'N'		,	'2012020242'		,	'김상병'		,	'031-641-9005 (콜'		,	''		,	''		,	'1'		,	''		,	'A'		,	''		,	''		,	'B'		,	'B08'		,	''		,	''		,	''		,	'P01'		,	'P01E'		,	''		,	'O19'		,	'O19A'		,	'Q01'		,	'Q01A'		,	''		,	''		,	''		,	'(No.133) 1월 13일  12:06~12:46 (40분) 군전화 [상담][정신건강(우울/무기력-지지/공감: 황윤희상담관]
육군) 미상 상병 미상(닉네임:김상병)             수신번호 : 031-641-9005 (콜렉트콜)

* No.34 , No.102  (No127,128,129와 유사하게 느껴짐)
* 주 호소내용 : 마음이 너무 외롭고, 우울하다. 과거의 문제에서 벗어나지 못하여 정신적으로 문제가 있는 것 같다. 무조건적으로 나를 위로해주고 이해해주는 사람을 만나고 싶다.
* 상 담 내 용 : 사람들은 자연스럽게 살라고, 마음을 편히 가지라고 하는데 몸과 마음은 조급하다. 머리가 아프고, 마음의 뭔가가 고장이 난 것 같다. 뚜렷한 목표가 있으면 괜찮다고 과거의 것이 잊혀진다고 하는데 그게 말처럼 쉽지가 않고, 나를 제외한 모든사람들이 다 능력이 있는 것 같아서 상대적으로 내자신을 자책하게 된다. 나를 힘들게 한사람들이 모두 다 잘되고 잘사는 것을 보면 화가나고 이러다가 나는 망가져서 장애인시설에서 살게될것 같다. 원래도 마음이 약했지만 계속 상처를 받다보니 더 고립되고 더 우울해지는 것 같다. 과거의 학교폭력 경험과, 부모님으로부터의 상처들로부터 벗어나지 못하고 있다.현재도 쉽게 타인들의 반응에 상처를 받고 힘들어 하고 있다. 내가 하는 말들을 너무 쉽게 무시하고 별것 아닌것처럼 치부해 버린다. 이렇게 해꼬지 하는 사람들이 없었더라면 이렇게 되지는 않았을 것 같다. 그들 모두가 울면서 나한테 미안하다고 했으면 좋겠다. 그러면 마음이 풀릴 것 같다. 분노를 표출하는 방법을 모르고 분노 표출을 한게 된다면 위험한 상황이 생길 것 같다. 평상시에도 싫어하는 선임을 젓가락으로 찌르는 상상을 한 적이 있었다. 
'		,	'→ 김상병의 말투가 익숙하여 일지를 찾아보니 동일인물로 추정되는 번호와 동일 닉네임이 있었음.
   힘들 때 전화를 준 것에 대하여 지지와 격려를 해주고, 현재를 힘들게 만드는 과거 문제에 대한 부분을
   경청하였음. 하소연을 하듯, 쏟아내듯 이야기를 하며 때로는 웃기도하고 질문을 하는 모습을 보임.
   충분히 자신의 어려움을 잘 알고 있으며, 정리와 해결방법까지도 알고 있지만, 외로움이 너무 크고
   사람에 대한 의존력이 높아서 스스로가 실천에 옮기기에 힘이 들어 하는 상태였음. 상담관이 느끼는
   이러한 사항을 전달하여 확인하자 수긍하는 모습을 보이며, 충분히 자신도 알고 있음을 표현하였음.
   과거의 문제를 확인해보지 않는다면 현재와 미래를 살아가는 것이 힘이 들 수 있고, 쉽게 지칠 수 있      음을 이야기하며 근원점으로 기억하는 과거문제를 상담을 통해서 지속적으로 충분히 다룰 것을 권장      하자, 현재 상담을 받고 있으며, 상담관님과도 좋은 친분을 갖고 지속 상담을 하고  있다고 이야기 함.  
   자신에 대한 정보나 문제를 정리했던 모습들은 면접상담을 통해서 알게 된 것임을 알수있었음. 
   지지와 공감을 받음으로써 순간의 힘듬을 해소하는 모습을 보였으며, 전화상담을 통하여 그러한 부분
   에 만족감을 얻는 것으로 보여짐. 전화상담중 수도통합병원에 가야하며, 갔다와서 다시 전화하겠다고 
   하고 전화상담을 종료하였음. 지속적으로 전화가 올것으로 예측되나, 당시의 호소만을 경청해주고
   지지와 공감을 하되, 지속관리를 할 필요성은 없다고 예측되어지는 상태였음.  
   충동성 부분을 탐색하였으나, 약하게라도 충동성을 표출한적은 현재 없었으며 앞으로도 참기만 한다면
   힘들 수 있으므로 충동성이 있을 때, 화가날 때 생명의 전화로 전화할 것을 당부하였음.'		,	''		,	''		,	''		,	''		,	'A'		,	''		,	''		,	''		,	'00:40:00'		,	'2400'		,	''		,	'2012020133'		,	'2'		,	''		,	'life04'		,	GETDATE()		,	'life04'		,	GETDATE())
2012-02-08 오후 4:14:04; ERROR_SQL= INSERT INTO TB_LIFECALLHISTORY (JUBSEQ	,	JUBDATE	,	JUBTIME	,	IOFLAG	,	EMERYN	,	CUSTNO	,	CUSTNAME	,	TELNO	,	TELNO2	,	CID	,	SEXGB	,	CHANNELGB	,	REQUESTERGB	,	CONSULTGB	,	CONSULTETCGB	,	SOSOKGB_A	,	SOSOKGB_B	,	SOSOKGB_C	,	SOSOKGB_D	,	SOSOKGB_E	,	LEVEL_B	,	LEVEL_C	,	FAMILYGB	,	CALLCLASS_B	,	CALLCLASS_C	,	CHANNELGB_B	,	CHANNELGB_C	,	CALLFLAG	,	CALLKIND_B	,	CALLKIND_C	,	QUESTION	,	REPLY	,	REMARK	,	RESULTGB	,	RESERVEDATE	,	RESERVETIME	,	PROCESSGB	,	WEATHER	,	CALLID	,	RECORDFILE	,	CALLTIMEDP	,	CALLTIME	,	CB_SEQ	,	REFERJUBSEQ	,	REFCNT	,	FILENAME	,	INCODE	,	INDATE	,	MOCODE 	,	MODATE )		VALUES ( '2012020240'		,	'2012-01-13'		,	'2012-01-13 12:06:00'		,	''		,	'N'		,	'2012020242'		,	'김상병'		,	'031-641-9005 (콜'		,	''		,	''		,	'1'		,	''		,	'A'		,	''		,	''		,	'B'		,	'B08'		,	''		,	''		,	''		,	'P01'		,	'P01E'		,	''		,	'O19'		,	'O19A'		,	'Q01'		,	'Q01A'		,	''		,	''		,	''		,	'(No.133) 1월 13일  12:06~12:46 (40분) 군전화 [상담][정신건강(우울/무기력-지지/공감: 황윤희상담관]
육군) 미상 상병 미상(닉네임:김상병)             수신번호 : 031-641-9005 (콜렉트콜)

* No.34 , No.102  (No127,128,129와 유사하게 느껴짐)
* 주 호소내용 : 마음이 너무 외롭고, 우울하다. 과거의 문제에서 벗어나지 못하여 정신적으로 문제가 있는 것 같다. 무조건적으로 나를 위로해주고 이해해주는 사람을 만나고 싶다.
* 상 담 내 용 : 사람들은 자연스럽게 살라고, 마음을 편히 가지라고 하는데 몸과 마음은 조급하다. 머리가 아프고, 마음의 뭔가가 고장이 난 것 같다. 뚜렷한 목표가 있으면 괜찮다고 과거의 것이 잊혀진다고 하는데 그게 말처럼 쉽지가 않고, 나를 제외한 모든사람들이 다 능력이 있는 것 같아서 상대적으로 내자신을 자책하게 된다. 나를 힘들게 한사람들이 모두 다 잘되고 잘사는 것을 보면 화가나고 이러다가 나는 망가져서 장애인시설에서 살게될것 같다. 원래도 마음이 약했지만 계속 상처를 받다보니 더 고립되고 더 우울해지는 것 같다. 과거의 학교폭력 경험과, 부모님으로부터의 상처들로부터 벗어나지 못하고 있다.현재도 쉽게 타인들의 반응에 상처를 받고 힘들어 하고 있다. 내가 하는 말들을 너무 쉽게 무시하고 별것 아닌것처럼 치부해 버린다. 이렇게 해꼬지 하는 사람들이 없었더라면 이렇게 되지는 않았을 것 같다. 그들 모두가 울면서 나한테 미안하다고 했으면 좋겠다. 그러면 마음이 풀릴 것 같다. 분노를 표출하는 방법을 모르고 분노 표출을 한게 된다면 위험한 상황이 생길 것 같다. 평상시에도 싫어하는 선임을 젓가락으로 찌르는 상상을 한 적이 있었다. 
'		,	'→ 김상병의 말투가 익숙하여 일지를 찾아보니 동일인물로 추정되는 번호와 동일 닉네임이 있었음.
   힘들 때 전화를 준 것에 대하여 지지와 격려를 해주고, 현재를 힘들게 만드는 과거 문제에 대한 부분을
   경청하였음. 하소연을 하듯, 쏟아내듯 이야기를 하며 때로는 웃기도하고 질문을 하는 모습을 보임.
   충분히 자신의 어려움을 잘 알고 있으며, 정리와 해결방법까지도 알고 있지만, 외로움이 너무 크고
   사람에 대한 의존력이 높아서 스스로가 실천에 옮기기에 힘이 들어 하는 상태였음. 상담관이 느끼는
   이러한 사항을 전달하여 확인하자 수긍하는 모습을 보이며, 충분히 자신도 알고 있음을 표현하였음.
   과거의 문제를 확인해보지 않는다면 현재와 미래를 살아가는 것이 힘이 들 수 있고, 쉽게 지칠 수 있      음을 이야기하며 근원점으로 기억하는 과거문제를 상담을 통해서 지속적으로 충분히 다룰 것을 권장      하자, 현재 상담을 받고 있으며, 상담관님과도 좋은 친분을 갖고 지속 상담을 하고  있다고 이야기 함.  
   자신에 대한 정보나 문제를 정리했던 모습들은 면접상담을 통해서 알게 된 것임을 알수있었음. 
   지지와 공감을 받음으로써 순간의 힘듬을 해소하는 모습을 보였으며, 전화상담을 통하여 그러한 부분
   에 만족감을 얻는 것으로 보여짐. 전화상담중 수도통합병원에 가야하며, 갔다와서 다시 전화하겠다고 
   하고 전화상담을 종료하였음. 지속적으로 전화가 올것으로 예측되나, 당시의 호소만을 경청해주고
   지지와 공감을 하되, 지속관리를 할 필요성은 없다고 예측되어지는 상태였음.  
   충동성 부분을 탐색하였으나, 약하게라도 충동성을 표출한적은 현재 없었으며 앞으로도 참기만 한다면
   힘들 수 있으므로 충동성이 있을 때, 화가날 때 생명의 전화로 전화할 것을 당부하였음.'		,	''		,	''		,	''		,	''		,	'A'		,	''		,	''		,	''		,	'00:40:00'		,	'2400'		,	''		,	'2012020133'		,	'2'		,	''		,	'life04'		,	GETDATE()		,	'life04'		,	GETDATE())