This is First Line
2014-04-19 오후 5:12:26; ERROR_SQL= INSERT INTO TB_LIFECALLHISTORY_OB (JUBSEQ	,	JUBDATE	,	JUBTIME	,	IOFLAG	,	EMERYN	,	CUSTNO	,	CUSTNAME	,	TELNO	,	TELNO2	,	CID	,	SEXGB	,	CHANNELGB	,	REQUESTERGB	,	CONSULTGB	,	CONSULTETCGB	,	SOSOKGB_A	,	SOSOKGB_B	,	SOSOKGB_C	,	SOSOKGB_D	,	SOSOKGB_E	,	LEVEL_B	,	LEVEL_C	,	LEVEL_D	,	FAMILYGB	,	CALLCLASS_B	,	CALLCLASS_C	,	CHANNELGB_B	,	CHANNELGB_C	,	CALLFLAG	,	CALLKIND_B	,	CALLKIND_C	,	QUESTION	,	REPLY	,	REMARK	,	RESULTGB	,	RESERVEDATE	,	RESERVETIME	,	PROCESSGB	,	WEATHER	,	CALLID	,	RECORDFILE	,	CALLTIMEDP	,	CALLTIME	,	CB_SEQ	,	REFERJUBSEQ	,	REFCNT	,	FILENAME	,	INCODE	,	INDATE	,	MOCODE 	,	MODATE )		VALUES ( '2014040025'		,	'2014-04-19'		,	'2014-04-19 16:37:31'		,	'1'		,	'N'		,	'2014040575'		,	''		,	'8124481$inroot=0179'		,	''		,	'8124481$inroot=0179'		,	'1'		,	''		,	''		,	''		,	''		,	'B'		,	'B03'		,	'B0327'		,	'B032725'		,	''		,	''		,	''		,	''		,	''		,	''		,	''		,	''		,	''		,	''		,	''		,	''		,	'- 확실한 진단이 안 나왔음. 예전에 바깥에서 그래가지고... 잠깐 병가같이 해서 그런게 있었음.
- 포대장님은 상담 많이 해서 상태가 나중 시간 가면 괜찮아 지겠지 하고 나두었음.
- 가만히 있다 보면 지금까지 했던 거 돌아보면 생각하기 싫던 것도 다시 하게 됨.
- 충동관련을 못 하는 편임. 감정기복이 많이 심해진 것 같아서... 군대에서 생활하다 보니 성격도 바꿔봐야 되는데 형식적으로 바뀐 거라서...
- 아무 것도 안 되어서... 기억력이 안 좋아서... 감정만 남고 기억이 안 나니까...
- 이런 저런 생각하다가 안 좋은 
- 가장 힘든 것은 항상 느끼는 게 머리가 물질적인건지 정신적인건지 비워있는 것 같음.
- 생활적인 면에서 복합적인 것 같은데... 
- 어릴 때 안 좋은 게 있어서 참고 살아가려고... 지금까지 사회, 군 포함해서 좀 두세번 정도 터진게 있었는데 평소엔 참고 있다가 이렇게 해도 저렇게 해도 안 되고 참는 데 한계가 있음.
- 누군가 안 좋게 되니까... 
- 자기 계발 하는 시간, 청소랑 멍때리다 글 쓰게 됨. 그런 기분이 확 오는데 조금만 해프닝이 있어서 머리가 복잡해짐.
- 화가 어느 순간부터 몸에 좀 피가 빠진다는 느낌, 손발 저리듯이 쥐가 나고... 자다가 다리쪽에 쥐가 남. 다리 끌어 않고 있으면 몇분정도 괜찮아지면 또 풀고...
- 마지막 상담은 1주일전에 어제 였는지 잘 기억이 안됨.
- 군 부적응이다 받고 뇌파를 해 본다고 했는데 이상은 없었음. 필림이 나간 것이 고교 때부터 정신없이 하다가 2학년 때부터 그랬던 것 같음. 혼나고 포기했음. 어느 순간부터 나버리게 됨.
- 다 대수롭지 않게 생각하고 밖에서 
- 수첩에 적는 것조차 까먹음. 이병 때 정신과에 갔을 때 부적응이라고 함. 
- 원인이 불안한 게 있음. 저 사람이 잠깐 나를 불렀는지 뭐지 뭐지 생각하게 됨. 정신과 작년 5~6월 일병 3호봉 때 갔다 오고 안 감. 대대 상담관과 상담 2~3번 했음.
- 상담관한테 얘기하면 후폭풍이 쎄니까.. 딱 한번 그래서 얘기가 부담스러웠음. 횡성수설 기억도 안 나고 몸도 
- 머리가 아픔. 쓸데 없는 생각을 하다 보니 머리가 안 돌아가서 머리가 아픔. 지금은 맹함. 혼자 있었는데 포대장님이 찾아 오셨음.
- '		,	''		,	''		,	''		,	''		,	''		,	''		,	''		,	'1001772787'		,	''		,	'00:41:50'		,	'2510'		,	''		,	'2014040741'		,	'2'		,	''		,	'life15'		,	GETDATE()		,	'life15'		,	GETDATE())