This is First Line
2009-07-20 오후 1:22:43; SQL1=Insert Into TB_TransferInfo (DNIS,StartTime,EndTime,Transferno,mon,tue,wed,thu,fri,sta,sun,holiday,useyn,userid) values ('0002','0000','2359','01051850478','1','1','1','1','1','1','1','1','life01')
2009-07-20 오후 1:24:44; SQL1=Insert Into TB_TransferInfo (DNIS,StartTime,EndTime,Transferno,mon,tue,wed,thu,fri,sta,sun,holiday,useyn,userid) values ('0002','0000','2359','01051850478','1','1','1','1','1','1','1','1','1','life01')
2009-07-20 오후 1:32:50; SQL2=update TB_TransferInfo Set DNIS ='0002',StartTime = '0000',EndTime = '2359',Transferno = '01051850478',mon = '1',tue = '0',wed = '0',thu = '1',fri = '1',sta = '1',sun = '1',holiday = '1',USEYN = '1',userid = 'life01'  WHERE seqno = '3'
2009-07-20 오후 1:32:58; SQL2=update TB_TransferInfo Set DNIS ='0002',StartTime = '0000',EndTime = '2359',Transferno = '01051850478',mon = '1',tue = '1',wed = '1',thu = '1',fri = '1',sta = '1',sun = '1',holiday = '1',USEYN = '1',userid = 'life01'  WHERE seqno = '3'
2009-07-20 오후 1:50:19; SQL2=update TB_TransferInfo Set DNIS ='0002',StartTime = '0000',EndTime = '2359',Transferno = '1832',mon = '1',tue = '1',wed = '1',thu = '1',fri = '1',sta = '1',sun = '1',holiday = '1',USEYN = '1',userid = 'life01'  WHERE seqno = '3'
2009-07-20 오후 1:50:34; SQL2=update TB_TransferInfo Set DNIS ='0002',StartTime = '1200',EndTime = '1300',Transferno = '01050721832',mon = '1',tue = '1',wed = '1',thu = '1',fri = '1',sta = '1',sun = '1',holiday = '1',USEYN = '0',userid = ''  WHERE seqno = '2'
2009-07-20 오후 2:01:26; SQL2=update TB_TransferInfo Set DNIS ='9192',StartTime = '0000',EndTime = '2359',Transferno = '1832',mon = '1',tue = '1',wed = '1',thu = '1',fri = '1',sta = '1',sun = '1',holiday = '1',USEYN = '1',userid = 'life01'  WHERE seqno = '3'
2009-07-20 오후 2:01:47; SQL2=update TB_TransferInfo Set DNIS ='0002',StartTime = '0000',EndTime = '2359',Transferno = '1832',mon = '1',tue = '1',wed = '1',thu = '1',fri = '1',sta = '1',sun = '1',holiday = '1',USEYN = '1',userid = 'life01'  WHERE seqno = '3'
2009-07-20 오후 2:30:32; SQL2=update TB_TransferInfo Set DNIS ='9192',StartTime = '0000',EndTime = '2359',Transferno = '1832',mon = '1',tue = '1',wed = '1',thu = '1',fri = '1',sta = '1',sun = '1',holiday = '1',USEYN = '1',userid = 'life01'  WHERE seqno = '3'
2009-07-20 오후 2:32:10; SQL2=update TB_TransferInfo Set DNIS ='0002',StartTime = '0000',EndTime = '2359',Transferno = '1832',mon = '1',tue = '1',wed = '1',thu = '1',fri = '1',sta = '1',sun = '1',holiday = '1',USEYN = '1',userid = 'life01'  WHERE seqno = '3'
2009-07-20 오후 2:33:18; SQL2=update TB_TransferInfo Set DNIS ='9192',StartTime = '0000',EndTime = '2359',Transferno = '1832',mon = '1',tue = '1',wed = '1',thu = '1',fri = '1',sta = '1',sun = '1',holiday = '1',USEYN = '1',userid = 'life01'  WHERE seqno = '3'
2009-07-20 오후 2:34:38; SQL2=update TB_TransferInfo Set DNIS ='0002',StartTime = '0000',EndTime = '2359',Transferno = '1832',mon = '1',tue = '1',wed = '1',thu = '1',fri = '1',sta = '1',sun = '1',holiday = '1',USEYN = '1',userid = 'life01'  WHERE seqno = '3'
2009-07-20 오후 2:35:26; SQL2=update TB_TransferInfo Set DNIS ='9192',StartTime = '0000',EndTime = '2359',Transferno = '1832',mon = '1',tue = '1',wed = '1',thu = '1',fri = '1',sta = '1',sun = '1',holiday = '1',USEYN = '1',userid = 'life01'  WHERE seqno = '3'
2009-07-20 오후 2:36:06; SQL2=update TB_TransferInfo Set DNIS ='0002',StartTime = '0000',EndTime = '2359',Transferno = '1832',mon = '1',tue = '1',wed = '1',thu = '1',fri = '1',sta = '1',sun = '1',holiday = '1',USEYN = '1',userid = 'life01'  WHERE seqno = '3'
2009-07-20 오후 2:40:48; SQL2=update TB_TransferInfo Set DNIS ='9192',StartTime = '0000',EndTime = '2359',Transferno = '1832',mon = '1',tue = '1',wed = '1',thu = '1',fri = '1',sta = '1',sun = '1',holiday = '1',USEYN = '1',userid = 'life01'  WHERE seqno = '3'
2009-07-20 오후 2:41:47; SQL2=update TB_TransferInfo Set DNIS ='0002',StartTime = '0000',EndTime = '2359',Transferno = '1832',mon = '1',tue = '1',wed = '1',thu = '1',fri = '1',sta = '1',sun = '1',holiday = '1',USEYN = '1',userid = 'life01'  WHERE seqno = '3'
2009-07-20 오후 2:50:08; SQL2=update TB_TransferInfo Set DNIS ='9192',StartTime = '0000',EndTime = '2359',Transferno = '1832',mon = '1',tue = '1',wed = '1',thu = '1',fri = '1',sta = '1',sun = '1',holiday = '1',USEYN = '1',userid = 'life01'  WHERE seqno = '3'
2009-07-20 오후 2:50:51; SQL2=update TB_TransferInfo Set DNIS ='0002',StartTime = '0000',EndTime = '2359',Transferno = '1832',mon = '1',tue = '1',wed = '1',thu = '1',fri = '1',sta = '1',sun = '1',holiday = '1',USEYN = '1',userid = 'life01'  WHERE seqno = '3'
2009-07-20 오후 3:21:50; SQL2=update TB_TransferInfo Set DNIS ='9192',StartTime = '0000',EndTime = '2359',Transferno = '1832',mon = '1',tue = '1',wed = '1',thu = '1',fri = '1',sta = '1',sun = '1',holiday = '1',USEYN = '1',userid = 'life01'  WHERE seqno = '3'
2009-07-20 오후 3:23:41; SQL2=update TB_TransferInfo Set DNIS ='0002',StartTime = '0000',EndTime = '2359',Transferno = '1832',mon = '1',tue = '1',wed = '1',thu = '1',fri = '1',sta = '1',sun = '1',holiday = '1',USEYN = '1',userid = 'life01'  WHERE seqno = '3'
2009-07-20 오후 3:27:40; SQL2=update TB_TransferInfo Set DNIS ='9192',StartTime = '0000',EndTime = '2359',Transferno = '1832',mon = '1',tue = '1',wed = '1',thu = '1',fri = '1',sta = '1',sun = '1',holiday = '1',USEYN = '1',userid = 'life01'  WHERE seqno = '3'
2009-07-20 오후 3:29:00; SQL2=update TB_TransferInfo Set DNIS ='0002',StartTime = '0000',EndTime = '2359',Transferno = '1832',mon = '1',tue = '1',wed = '1',thu = '1',fri = '1',sta = '1',sun = '1',holiday = '1',USEYN = '1',userid = 'life01'  WHERE seqno = '3'
2009-07-20 오후 3:30:26; SQL2=update TB_TransferInfo Set DNIS ='0002',StartTime = '0000',EndTime = '2359',Transferno = '1832',mon = '1',tue = '1',wed = '1',thu = '1',fri = '1',sta = '1',sun = '1',holiday = '1',USEYN = '1',userid = 'life01'  WHERE seqno = '3'
2009-07-20 오후 3:35:11; SQL2=update TB_TransferInfo Set DNIS ='9192',StartTime = '0000',EndTime = '2359',Transferno = '1832',mon = '1',tue = '1',wed = '1',thu = '1',fri = '1',sta = '1',sun = '1',holiday = '1',USEYN = '1',userid = 'life01'  WHERE seqno = '3'
2009-07-20 오후 3:38:19; SQL2=update TB_TransferInfo Set DNIS ='0002',StartTime = '0000',EndTime = '2359',Transferno = '1832',mon = '1',tue = '1',wed = '1',thu = '1',fri = '1',sta = '1',sun = '1',holiday = '1',USEYN = '1',userid = 'life01'  WHERE seqno = '3'
2009-07-20 오후 3:50:37; SQL2=update TB_TransferInfo Set DNIS ='9192',StartTime = '0000',EndTime = '2359',Transferno = '1832',mon = '1',tue = '1',wed = '1',thu = '1',fri = '1',sta = '1',sun = '1',holiday = '1',USEYN = '1',userid = 'life01'  WHERE seqno = '3'
2009-07-20 오후 3:51:38; SQL2=update TB_TransferInfo Set DNIS ='0002',StartTime = '0000',EndTime = '2359',Transferno = '1832',mon = '1',tue = '1',wed = '1',thu = '1',fri = '1',sta = '1',sun = '1',holiday = '1',USEYN = '1',userid = 'life01'  WHERE seqno = '3'
2009-07-20 오후 3:52:41; SQL1=Insert Into TB_TransferInfo (DNIS,StartTime,EndTime,Transferno,mon,tue,wed,thu,fri,sta,sun,holiday,useyn,userid) values ('9192','1200','1300','01050721832','1','1','1','1','1','1','1','1','1','life02')
2009-07-20 오후 3:57:55; SQL1=Insert Into TB_TransferInfo (DNIS,StartTime,EndTime,Transferno,mon,tue,wed,thu,fri,sta,sun,holiday,useyn,userid) values ('6979','1200','1300','01050721832','1','1','1','1','1','1','1','1','1','life03')
2009-07-20 오후 4:57:24; SQL2=update TB_TransferInfo Set DNIS ='6979',StartTime = '1200',EndTime = '1300',Transferno = '01050721832',mon = '1',tue = '1',wed = '1',thu = '1',fri = '1',sta = '1',sun = '1',holiday = '1',USEYN = '0',userid = 'life03'  WHERE seqno = '5'
2009-07-20 오후 4:57:30; SQL2=update TB_TransferInfo Set DNIS ='9192',StartTime = '1200',EndTime = '1300',Transferno = '01050721832',mon = '1',tue = '1',wed = '1',thu = '1',fri = '1',sta = '1',sun = '1',holiday = '1',USEYN = '0',userid = 'life02'  WHERE seqno = '4'
2009-07-20 오후 4:58:35; SQL2=update TB_TransferInfo Set DNIS ='6979',StartTime = '1650',EndTime = '1700',Transferno = '01050721832',mon = '1',tue = '1',wed = '1',thu = '1',fri = '1',sta = '1',sun = '1',holiday = '1',USEYN = '1',userid = 'life03'  WHERE seqno = '5'
2009-07-20 오후 5:00:26; SQL2=update TB_TransferInfo Set DNIS ='6979',StartTime = '1650',EndTime = '1700',Transferno = '01050721832',mon = '1',tue = '1',wed = '1',thu = '1',fri = '1',sta = '1',sun = '1',holiday = '1',USEYN = '0',userid = 'life03'  WHERE seqno = '5'