This is First Line
2009-08-09 오전 10:01:15; SQL1=Insert Into TB_TransferInfo (DNIS,StartTime,EndTime,Transferno,mon,tue,wed,thu,fri,sta,sun,holiday,useyn,userid) values ('6979','1300','1400','01050721833','0','0','0','0','0','0','1','0','1','life05')
2009-08-09 오전 10:01:50; SQL1=Insert Into TB_TransferInfo (DNIS,StartTime,EndTime,Transferno,mon,tue,wed,thu,fri,sta,sun,holiday,useyn,userid) values ('9191','1300','1400','01050721833','0','0','0','0','0','0','1','0','1','')
2009-08-09 오전 10:02:00; SQL2=update TB_TransferInfo Set DNIS ='9191',StartTime = '1300',EndTime = '1400',Transferno = '01050721833',mon = '0',tue = '0',wed = '0',thu = '0',fri = '0',sta = '0',sun = '1',holiday = '0',USEYN = '1',userid = 'life05'  WHERE seqno = '8'
2009-08-09 오전 10:03:39; SQL2=update TB_TransferInfo Set DNIS ='6979',StartTime = '1300',EndTime = '1400',Transferno = '01050721833',mon = '0',tue = '0',wed = '0',thu = '0',fri = '0',sta = '0',sun = '1',holiday = '0',USEYN = '1',userid = ''  WHERE seqno = '7'
2009-08-09 오전 10:03:48; SQL2=update TB_TransferInfo Set DNIS ='9191',StartTime = '1300',EndTime = '1400',Transferno = '01050721833',mon = '0',tue = '0',wed = '0',thu = '0',fri = '0',sta = '0',sun = '1',holiday = '0',USEYN = '1',userid = ''  WHERE seqno = '8'
2009-08-09 오전 10:37:55; SQL2=update TB_TransferInfo Set DNIS ='6979',StartTime = '0000',EndTime = '0600',Transferno = '01050721833',mon = '1',tue = '0',wed = '0',thu = '0',fri = '0',sta = '0',sun = '1',holiday = '0',USEYN = '1',userid = 'life05'  WHERE seqno = '5'
2009-08-09 오전 10:38:09; SQL2=update TB_TransferInfo Set DNIS ='9191',StartTime = '0000',EndTime = '0600',Transferno = '01050721833',mon = '1',tue = '0',wed = '0',thu = '0',fri = '0',sta = '0',sun = '1',holiday = '0',USEYN = '1',userid = 'life05'  WHERE seqno = '6'
2009-08-09 오전 11:30:05; SQL2=update TB_TransferInfo Set DNIS ='6979',StartTime = '1132',EndTime = '1137',Transferno = '01050721833',mon = '0',tue = '0',wed = '0',thu = '0',fri = '0',sta = '0',sun = '1',holiday = '0',USEYN = '1',userid = ''  WHERE seqno = '7'
2009-08-09 오전 11:30:21; SQL2=update TB_TransferInfo Set DNIS ='9191',StartTime = '1132',EndTime = '1137',Transferno = '01050721833',mon = '0',tue = '0',wed = '0',thu = '0',fri = '0',sta = '0',sun = '1',holiday = '0',USEYN = '1',userid = ''  WHERE seqno = '8'
2009-08-09 오전 11:36:32; SQL2=update TB_TransferInfo Set DNIS ='9191',StartTime = '1132',EndTime = '1137',Transferno = '01050721833',mon = '0',tue = '0',wed = '0',thu = '0',fri = '0',sta = '0',sun = '1',holiday = '0',USEYN = '0',userid = ''  WHERE seqno = '8'
2009-08-09 오전 11:36:38; SQL2=update TB_TransferInfo Set DNIS ='6979',StartTime = '1132',EndTime = '1137',Transferno = '01050721833',mon = '0',tue = '0',wed = '0',thu = '0',fri = '0',sta = '0',sun = '1',holiday = '0',USEYN = '0',userid = ''  WHERE seqno = '7'
2009-08-09 오후 12:46:14; SQL2=update TB_TransferInfo Set DNIS ='6979',StartTime = '1300',EndTime = '1400',Transferno = '01050721833',mon = '0',tue = '0',wed = '0',thu = '0',fri = '0',sta = '0',sun = '1',holiday = '0',USEYN = '1',userid = ''  WHERE seqno = '7'
2009-08-09 오후 12:46:29; SQL2=update TB_TransferInfo Set DNIS ='9191',StartTime = '1300',EndTime = '1400',Transferno = '01050721833',mon = '0',tue = '0',wed = '0',thu = '0',fri = '0',sta = '0',sun = '1',holiday = '0',USEYN = '1',userid = ''  WHERE seqno = '8'
2009-08-09 오후 7:53:45; SQL2=update TB_TransferInfo Set DNIS ='6979',StartTime = '2100',EndTime = '0600',Transferno = '01050721833',mon = '1',tue = '0',wed = '0',thu = '0',fri = '0',sta = '0',sun = '1',holiday = '0',USEYN = '1',userid = 'life05'  WHERE seqno = '5'
2009-08-09 오후 7:54:10; SQL2=update TB_TransferInfo Set DNIS ='9191',StartTime = '2100',EndTime = '0600',Transferno = '01050721833',mon = '1',tue = '0',wed = '0',thu = '0',fri = '0',sta = '0',sun = '1',holiday = '0',USEYN = '1',userid = 'life05'  WHERE seqno = '6'
2009-08-09 오후 7:54:30; SQL2=update TB_TransferInfo Set DNIS ='6979',StartTime = '1300',EndTime = '1400',Transferno = '01050721832',mon = '0',tue = '0',wed = '0',thu = '0',fri = '0',sta = '0',sun = '0',holiday = '0',USEYN = '0',userid = ''  WHERE seqno = '7'
2009-08-09 오후 7:54:44; SQL2=update TB_TransferInfo Set DNIS ='9191',StartTime = '1300',EndTime = '1400',Transferno = '01050721832',mon = '0',tue = '0',wed = '0',thu = '0',fri = '0',sta = '0',sun = '0',holiday = '0',USEYN = '0',userid = ''  WHERE seqno = '8'
2009-08-09 오후 7:55:07; SQL2=update TB_TransferInfo Set DNIS ='9192',StartTime = '1200',EndTime = '1300',Transferno = '01050721832',mon = '0',tue = '0',wed = '0',thu = '0',fri = '0',sta = '0',sun = '0',holiday = '0',USEYN = '0',userid = 'test2'  WHERE seqno = '4'
2009-08-09 오후 9:09:55; SQL2=update TB_TransferInfo Set DNIS ='6979',StartTime = '2100',EndTime = '2400',Transferno = '01050721832',mon = '0',tue = '0',wed = '0',thu = '0',fri = '0',sta = '0',sun = '1',holiday = '0',USEYN = '1',userid = ''  WHERE seqno = '7'
2009-08-09 오후 9:10:03; SQL2=update TB_TransferInfo Set DNIS ='6979',StartTime = '2100',EndTime = '2400',Transferno = '01050721832',mon = '0',tue = '0',wed = '0',thu = '0',fri = '0',sta = '0',sun = '1',holiday = '0',USEYN = '1',userid = 'life05'  WHERE seqno = '7'
2009-08-09 오후 9:10:16; SQL2=update TB_TransferInfo Set DNIS ='6979',StartTime = '0000',EndTime = '0600',Transferno = '01050721833',mon = '1',tue = '0',wed = '0',thu = '0',fri = '0',sta = '0',sun = '0',holiday = '0',USEYN = '1',userid = 'life05'  WHERE seqno = '5'
2009-08-09 오후 9:10:36; SQL2=update TB_TransferInfo Set DNIS ='9191',StartTime = '2100',EndTime = '2400',Transferno = '01050721832',mon = '0',tue = '0',wed = '0',thu = '0',fri = '0',sta = '0',sun = '1',holiday = '0',USEYN = '1',userid = ''  WHERE seqno = '8'
2009-08-09 오후 9:10:46; SQL2=update TB_TransferInfo Set DNIS ='6979',StartTime = '2100',EndTime = '2400',Transferno = '01050721833',mon = '0',tue = '0',wed = '0',thu = '0',fri = '0',sta = '0',sun = '1',holiday = '0',USEYN = '1',userid = 'life05'  WHERE seqno = '7'
2009-08-09 오후 9:10:56; SQL2=update TB_TransferInfo Set DNIS ='9191',StartTime = '2100',EndTime = '2400',Transferno = '01050721833',mon = '0',tue = '0',wed = '0',thu = '0',fri = '0',sta = '0',sun = '1',holiday = '0',USEYN = '1',userid = 'life05'  WHERE seqno = '8'
2009-08-09 오후 9:11:06; SQL2=update TB_TransferInfo Set DNIS ='9191',StartTime = '0000',EndTime = '0600',Transferno = '01050721833',mon = '1',tue = '0',wed = '0',thu = '0',fri = '0',sta = '0',sun = '0',holiday = '0',USEYN = '1',userid = 'life05'  WHERE seqno = '6'